<?xml version="1.0" encoding="UTF-8"?>
<testng-results skipped="0" failed="0" ignored="0" total="1" passed="1">
  <reporter-output>
  </reporter-output>
  <suite name="Default suite" duration-ms="108407" started-at="2019-02-27T08:46:33Z" finished-at="2019-02-27T08:48:22Z">
    <groups>
    </groups>
    <test name="Default test" duration-ms="108407" started-at="2019-02-27T08:46:33Z" finished-at="2019-02-27T08:48:22Z">
      <class name="com.bu.testcases.Groupchattestcase">
        <test-method status="PASS" signature="login()[pri:0, instance:com.bu.testcases.Groupchattestcase@1a38c59b]" name="login" duration-ms="107427" started-at="2019-02-27T08:46:33Z" finished-at="2019-02-27T08:48:21Z">
          <reporter-output>
          </reporter-output>
        </test-method> <!-- login -->
        <test-method status="PASS" signature="quit()[pri:0, instance:com.bu.testcases.Groupchattestcase@1a38c59b]" name="quit" is-config="true" duration-ms="925" started-at="2019-02-27T08:48:21Z" finished-at="2019-02-27T08:48:22Z">
          <reporter-output>
          </reporter-output>
        </test-method> <!-- quit -->
      </class> <!-- com.bu.testcases.Groupchattestcase -->
    </test> <!-- Default test -->
  </suite> <!-- Default suite -->
</testng-results>
